<?xml version="1.0" encoding="UTF-8"?>
<!-- Generated by org.testng.reporters.JUnitReportReporter -->
<testsuite hostname="LAPTOP-VT735J10" failures="0" tests="1" name="com.admin.testcases.LoginTest_001" time="3.598" errors="0" timestamp="2023-03-19T22:29:27 IST" skipped="0">
  <testcase classname="com.admin.testcases.LoginTest_001" name="logintest" time="3.598"/>
  <system-out/>
</testsuite> <!-- com.admin.testcases.LoginTest_001 -->
