<?xml version="1.0" encoding="UTF-8"?>
<!-- Generated by org.testng.reporters.JUnitReportReporter -->
<testsuite hostname="LAPTOP-VT735J10" failures="0" tests="1" name="com.admin.testcases.HI_lead_Movement" time="13.523" errors="0" timestamp="2023-03-20T23:27:11 IST" skipped="0">
  <testcase classname="com.admin.testcases.HI_lead_Movement" name="TC_Lead_movement" time="13.523"/>
  <system-out/>
</testsuite> <!-- com.admin.testcases.HI_lead_Movement -->
